<?xml version="1.0" encoding="UTF-8"?>
<!-- Generated by org.testng.reporters.JUnitXMLReporter -->
<testsuite ignored="0" hostname="CHANDAN" failures="0" tests="6" name="Test2" time="13.578" errors="0" timestamp="2023-02-22T14:14:20 IST">
  <testcase classname="Testng.Test2" name="open" time="10.796"/>
  <testcase classname="Testng.Test2" name="Login" time="2.458"/>
  <testcase classname="Testng.Test2" name="close" time="0.216"/>
  <testcase classname="Testng.Firsttest" name="test1" time="0.0"/>
  <testcase classname="Testng.Firsttest" name="test2" time="0.0"/>
  <testcase classname="Testng.Firsttest" name="test3" time="0.0"/>
</testsuite> <!-- Test2 -->
