<?xml version="1.0" encoding="UTF-8"?>
<testng-results ignored="0" total="3" passed="3" failed="0" skipped="0">
  <reporter-output>
  </reporter-output>
  <suite started-at="2023-02-27T12:44:38 IST" name="Suite" finished-at="2023-02-27T12:44:55 IST" duration-ms="16803">
    <groups>
    </groups>
    <test started-at="2023-02-27T12:44:38 IST" name="chrome" finished-at="2023-02-27T12:44:49 IST" duration-ms="10738">
      <class name="practice.Testinsta">
        <test-method is-config="true" signature="setup(java.lang.String)[pri:0, instance:practice.Testinsta@38c6f217]" started-at="2023-02-27T12:44:38 IST" name="setup" finished-at="2023-02-27T12:44:46 IST" duration-ms="7657" status="PASS">
          <params>
            <param index="0">
              <value>
                <![CDATA[chrome]]>
              </value>
            </param>
          </params>
          <reporter-output>
          </reporter-output>
        </test-method> <!-- setup -->
        <test-method signature="login()[pri:1, instance:practice.Testinsta@38c6f217]" started-at="2023-02-27T12:44:46 IST" name="login" finished-at="2023-02-27T12:44:48 IST" duration-ms="2558" status="PASS">
          <reporter-output>
          </reporter-output>
        </test-method> <!-- login -->
        <test-method is-config="true" signature="close()[pri:0, instance:practice.Testinsta@38c6f217]" started-at="2023-02-27T12:44:48 IST" name="close" finished-at="2023-02-27T12:44:49 IST" duration-ms="434" status="PASS">
          <reporter-output>
          </reporter-output>
        </test-method> <!-- close -->
      </class> <!-- practice.Testinsta -->
    </test> <!-- chrome -->
    <test started-at="2023-02-27T12:44:38 IST" name="edge" finished-at="2023-02-27T12:44:50 IST" duration-ms="11450">
      <class name="practice.Testinsta">
        <test-method is-config="true" signature="setup(java.lang.String)[pri:0, instance:practice.Testinsta@18078bef]" started-at="2023-02-27T12:44:38 IST" name="setup" finished-at="2023-02-27T12:44:48 IST" duration-ms="10118" status="PASS">
          <params>
            <param index="0">
              <value>
                <![CDATA[edge]]>
              </value>
            </param>
          </params>
          <reporter-output>
          </reporter-output>
        </test-method> <!-- setup -->
        <test-method signature="login()[pri:1, instance:practice.Testinsta@18078bef]" started-at="2023-02-27T12:44:48 IST" name="login" finished-at="2023-02-27T12:44:49 IST" duration-ms="1071" status="PASS">
          <reporter-output>
          </reporter-output>
        </test-method> <!-- login -->
        <test-method is-config="true" signature="close()[pri:0, instance:practice.Testinsta@18078bef]" started-at="2023-02-27T12:44:49 IST" name="close" finished-at="2023-02-27T12:44:50 IST" duration-ms="215" status="PASS">
          <reporter-output>
          </reporter-output>
        </test-method> <!-- close -->
      </class> <!-- practice.Testinsta -->
    </test> <!-- edge -->
    <test started-at="2023-02-27T12:44:38 IST" name="firefox" finished-at="2023-02-27T12:44:55 IST" duration-ms="16803">
      <class name="practice.Testinsta">
        <test-method is-config="true" signature="setup(java.lang.String)[pri:0, instance:practice.Testinsta@313ac989]" started-at="2023-02-27T12:44:38 IST" name="setup" finished-at="2023-02-27T12:44:53 IST" duration-ms="14593" status="PASS">
          <params>
            <param index="0">
              <value>
                <![CDATA[firefox]]>
              </value>
            </param>
          </params>
          <reporter-output>
          </reporter-output>
        </test-method> <!-- setup -->
        <test-method signature="login()[pri:1, instance:practice.Testinsta@313ac989]" started-at="2023-02-27T12:44:53 IST" name="login" finished-at="2023-02-27T12:44:53 IST" duration-ms="757" status="PASS">
          <reporter-output>
          </reporter-output>
        </test-method> <!-- login -->
        <test-method is-config="true" signature="close()[pri:0, instance:practice.Testinsta@313ac989]" started-at="2023-02-27T12:44:53 IST" name="close" finished-at="2023-02-27T12:44:55 IST" duration-ms="1406" status="PASS">
          <reporter-output>
          </reporter-output>
        </test-method> <!-- close -->
      </class> <!-- practice.Testinsta -->
    </test> <!-- firefox -->
  </suite> <!-- Suite -->
</testng-results>
